[debug] [2024-01-13T22:55:11.829Z] ----------------------------------------------------------------------
[debug] [2024-01-13T22:55:11.833Z] Command:       C:\Program Files\nodejs\node.exe C:\Users\Vhiz\AppData\Roaming\npm\node_modules\firebase-tools\lib\bin\firebase.js deploy
[debug] [2024-01-13T22:55:11.834Z] CLI Version:   12.5.2
[debug] [2024-01-13T22:55:11.834Z] Platform:      win32
[debug] [2024-01-13T22:55:11.835Z] Node Version:  v21.5.0
[debug] [2024-01-13T22:55:11.835Z] Time:          Sat Jan 13 2024 23:55:11 GMT+0100 (West Africa Standard Time)
[debug] [2024-01-13T22:55:11.835Z] ----------------------------------------------------------------------
[debug] 
[debug] [2024-01-13T22:55:12.043Z] > command requires scopes: ["email","openid","https://www.googleapis.com/auth/cloudplatformprojects.readonly","https://www.googleapis.com/auth/firebase","https://www.googleapis.com/auth/cloud-platform"]
[debug] [2024-01-13T22:55:12.044Z] > authorizing via signed-in user (victormgbeahurike82@gmail.com)
[debug] [2024-01-13T22:55:12.044Z] [iam] checking project blog-2888d for permissions ["firebase.projects.get","firebasehosting.sites.update"]
[debug] [2024-01-13T22:55:12.047Z] >>> [apiv2][query] POST https://cloudresourcemanager.googleapis.com/v1/projects/blog-2888d:testIamPermissions [none]
[debug] [2024-01-13T22:55:12.047Z] >>> [apiv2][(partial)header] POST https://cloudresourcemanager.googleapis.com/v1/projects/blog-2888d:testIamPermissions x-goog-quota-user=projects/blog-2888d
[debug] [2024-01-13T22:55:12.047Z] >>> [apiv2][body] POST https://cloudresourcemanager.googleapis.com/v1/projects/blog-2888d:testIamPermissions {"permissions":["firebase.projects.get","firebasehosting.sites.update"]}
[debug] [2024-01-13T22:55:13.746Z] <<< [apiv2][status] POST https://cloudresourcemanager.googleapis.com/v1/projects/blog-2888d:testIamPermissions 200
[debug] [2024-01-13T22:55:13.746Z] <<< [apiv2][body] POST https://cloudresourcemanager.googleapis.com/v1/projects/blog-2888d:testIamPermissions {"permissions":["firebase.projects.get","firebasehosting.sites.update"]}
[debug] [2024-01-13T22:55:13.748Z] >>> [apiv2][query] GET https://firebase.googleapis.com/v1beta1/projects/blog-2888d [none]
[debug] [2024-01-13T22:55:14.342Z] <<< [apiv2][status] GET https://firebase.googleapis.com/v1beta1/projects/blog-2888d 200
[debug] [2024-01-13T22:55:14.343Z] <<< [apiv2][body] GET https://firebase.googleapis.com/v1beta1/projects/blog-2888d {"projectId":"blog-2888d","projectNumber":"670303805242","displayName":"blog","name":"projects/blog-2888d","resources":{"hostingSite":"blog-2888d","storageBucket":"blog-2888d.appspot.com","locationId":"us-central"},"state":"ACTIVE","etag":"1_a35570b5-e794-4272-ae81-73f8957bfed7"}
[info] 
   Thank you for trying our early preview of Next.js support on Firebase Hosting.
   During the preview, support is best-effort and breaking changes can be expected. Proceed with caution.

   Documentation: https://firebase.google.com/docs/hosting/frameworks/nextjs
   File a bug: https://github.com/firebase/firebase-tools/issues/new?template=bug_report.md
   Submit a feature request: https://github.com/firebase/firebase-tools/issues/new?template=feature_request.md

   We'd love to learn from you. Express your interest in helping us shape the future of Firebase Hosting: https://goo.gle/41enW5X

[info]    ▲ Next.js 14.0.4

[info]    - Environments: .env

   Creating an optimized production build ...

[info] (node:14648) [DEP0040] DeprecationWarning: The `punycode` module is deprecated. Please use a userland alternative instead.
(Use `node --trace-deprecation ...` to show where the warning was created)

[info]  ✓ Compiled successfully

[info]    Linting and checking validity of types ...

[info]    Collecting page data ...

[info] (node:12884) [DEP0040] DeprecationWarning: The `punycode` module is deprecated. Please use a userland alternative instead.
(Use `node --trace-deprecation ...` to show where the warning was created)

[info] (node:12588) [DEP0040] DeprecationWarning: The `punycode` module is deprecated. Please use a userland alternative instead.
(Use `node --trace-deprecation ...` to show where the warning was created)

[info] (node:9736) [DEP0040] DeprecationWarning: The `punycode` module is deprecated. Please use a userland alternative instead.
(Use `node --trace-deprecation ...` to show where the warning was created)

[info]    Generating static pages (0/13) ...

[info]    Generating static pages (3/13) 

[info]    Generating static pages (6/13) 

[info]    Generating static pages (9/13) 

[info]  ✓ Generating static pages (13/13) 

[info]    Finalizing page optimization ...

[info]    Collecting build traces ...

[info] 

[info] Route (app)                              Size     First Load JS
┌ λ /                                    191 B          93.8 kB
├ λ /_not-found                          0 B                0 B
├ λ /about                               295 B          87.1 kB
├ λ /admin                               295 B          87.1 kB
├ λ /api/auth/[...nextauth]              0 B                0 B
├ ○ /api/blog                            0 B                0 B
├ λ /api/blog/[slug]                     0 B                0 B
├ λ /blog                                191 B          93.8 kB
├ λ /blog/[slug]                         2.05 kB        88.9 kB
├ λ /blog/new-post                       1.42 kB        83.3 kB
├ λ /contact                             1.37 kB        88.2 kB
├ λ /forgot-password                     149 B            82 kB
├ λ /login                               1.39 kB          90 kB
└ λ /register                            1.42 kB          90 kB
+ First Load JS shared by all            81.9 kB
  ├ chunks/938-20205c0279100d53.js       26.7 kB
  ├ chunks/fd9d1056-e4e5e23bdf33ed62.js  53.3 kB
  ├ chunks/main-app-88d9f66e38028ad8.js  219 B
  └ chunks/webpack-b62ea8918e414d33.js   1.68 kB


ƒ Middleware                             127 kB

[info] 
○  (Static)   prerendered as static content
λ  (Dynamic)  server-rendered on demand using Node.js


[debug] [2024-01-13T22:58:04.152Z] TypeError: Cannot destructure property 'customConfig' of '(intermediate value)(intermediate value)(intermediate value)' as it is null.
    at loadConfig (C:\Users\Vhiz\Desktop\works\blog\node_modules\next\dist\server\config.js:641:41)
    at getConfig (C:\Users\Vhiz\AppData\Roaming\npm\node_modules\firebase-tools\lib\frameworks\next\index.js:390:28)
    at build (C:\Users\Vhiz\AppData\Roaming\npm\node_modules\firebase-tools\lib\frameworks\next\index.js:68:65)
    at process.processTicksAndRejections (node:internal/process/task_queues:95:5)
    at async prepareFrameworks (C:\Users\Vhiz\AppData\Roaming\npm\node_modules\firebase-tools\lib\frameworks\index.js:216:33)
    at async deploy (C:\Users\Vhiz\AppData\Roaming\npm\node_modules\firebase-tools\lib\deploy\index.js:55:13)
[error] 
[error] Error: An unexpected error has occurred.
